{"/Users/jiangjing/JPO/WorkingSpace/github.com/npm-ci-demo/node_modules/mocha/bin/options.js":{"path":"/Users/jiangjing/JPO/WorkingSpace/github.com/npm-ci-demo/node_modules/mocha/bin/options.js","s":{"1":1,"2":1,"3":1,"4":1,"5":1,"6":1,"7":0,"8":0,"9":1},"b":{"1":[1,0]},"f":{"1":1,"2":0},"fnMap":{"1":{"name":"getOptions","line":19,"loc":{"start":{"line":19,"column":0},"end":{"line":19,"column":23}}},"2":{"name":"(anonymous_2)","line":29,"loc":{"start":{"line":29,"column":11},"end":{"line":29,"column":28}}}},"statementMap":{"1":{"start":{"line":7,"column":0},"end":{"line":7,"column":23}},"2":{"start":{"line":13,"column":0},"end":{"line":13,"column":28}},"3":{"start":{"line":19,"column":0},"end":{"line":41,"column":1}},"4":{"start":{"line":20,"column":2},"end":{"line":22,"column":55}},"5":{"start":{"line":24,"column":2},"end":{"line":38,"column":3}},"6":{"start":{"line":25,"column":4},"end":{"line":31,"column":9}},"7":{"start":{"line":30,"column":8},"end":{"line":30,"column":42}},"8":{"start":{"line":33,"column":4},"end":{"line":35,"column":50}},"9":{"start":{"line":40,"column":2},"end":{"line":40,"column":39}}},"branchMap":{"1":{"line":20,"type":"cond-expr","locations":[{"start":{"line":21,"column":6},"end":{"line":21,"column":23}},{"start":{"line":22,"column":6},"end":{"line":22,"column":54}}]}}}}